/home/hyuk/forRun/toReport/3_8_2023/3_8_2023_AS23_sleepRecord.xlsx
/home/hyuk/forRun/toReport/3_8_2023/3_8_2023_AS29_sleepRecord.xlsx
/home/hyuk/forRun/toReport/3_8_2023/3_8_2023_AS25_sleepRecord.xlsx
/home/hyuk/forRun/toReport/3_8_2023/3_8_2023_AS24_sleepRecord.xlsx
/home/hyuk/forRun/toReport/3_8_2023/3_8_2023_AS22_sleepRecord.xlsx
/home/hyuk/forRun/toReport/3_8_2023/3_8_2023_AS61_sleepRecord.xlsx
/home/hyuk/forRun/toReport/3_8_2023/3_8_2023_AS21_sleepRecord.xlsx
/home/hyuk/forRun/toReport/3_8_2023/3_8_2023_AS28_sleepRecord.xlsx
/home/hyuk/forRun/toReport/3_8_2023/3_8_2023_AS93_sleepRecord.xlsx
/home/hyuk/forRun/toReport/3_8_2023/3_8_2023_AS26_sleepRecord.xlsx
/home/hyuk/forRun/toReport/3_8_2023/3_8_2023_AS92_sleepRecord.xlsx
/home/hyuk/forRun/toReport/3_8_2023/3_8_2023_AS27_sleepRecord.xlsx
/home/hyuk/forRun/toReport/3_8_2023/3_8_2023_AS63_sleepRecord.xlsx
sleepRecord clear
/home/hyuk/forRun/toReport/3_8_2023/3_8_2023_todayDirectory.xlsx
todayDirectory clear
/home/hyuk/forRun/toReport/3_8_2023/02_08_2023_dailyReport.csv
dailyReport clear
/home/hyuk/forRun/toReport/3_8_2023/7week_Survey_AS23.xlsx
/home/hyuk/forRun/toReport/3_8_2023/7week_Survey_AS25.xlsx
/home/hyuk/forRun/toReport/3_8_2023/5week_Survey_AS29.xlsx
/home/hyuk/forRun/toReport/3_8_2023/7week_Survey_AS26.xlsx
/home/hyuk/forRun/toReport/3_8_2023/5week_Survey_AS28.xlsx
/home/hyuk/forRun/toReport/3_8_2023/7week_Survey_AS24.xlsx
surveyReport clear
/home/hyuk/forRun/toReport/3_8_2023/3_8_2023_AS23_sleepRecord.xlsx
/home/hyuk/forRun/toReport/3_8_2023/3_8_2023_AS29_sleepRecord.xlsx
/home/hyuk/forRun/toReport/3_8_2023/3_8_2023_AS25_sleepRecord.xlsx
/home/hyuk/forRun/toReport/3_8_2023/3_8_2023_AS24_sleepRecord.xlsx
/home/hyuk/forRun/toReport/3_8_2023/3_8_2023_AS22_sleepRecord.xlsx
/home/hyuk/forRun/toReport/3_8_2023/3_8_2023_AS61_sleepRecord.xlsx
/home/hyuk/forRun/toReport/3_8_2023/3_8_2023_AS21_sleepRecord.xlsx
/home/hyuk/forRun/toReport/3_8_2023/3_8_2023_AS28_sleepRecord.xlsx
/home/hyuk/forRun/toReport/3_8_2023/3_8_2023_AS93_sleepRecord.xlsx
/home/hyuk/forRun/toReport/3_8_2023/3_8_2023_AS26_sleepRecord.xlsx
/home/hyuk/forRun/toReport/3_8_2023/3_8_2023_AS92_sleepRecord.xlsx
/home/hyuk/forRun/toReport/3_8_2023/3_8_2023_AS27_sleepRecord.xlsx
/home/hyuk/forRun/toReport/3_8_2023/3_8_2023_AS63_sleepRecord.xlsx
sleepRecord clear
/home/hyuk/forRun/toReport/3_8_2023/3_8_2023_todayDirectory.xlsx
todayDirectory clear
dailyReport clear
/home/hyuk/forRun/toReport/3_8_2023/7week_Survey_AS23.xlsx
/home/hyuk/forRun/toReport/3_8_2023/7week_Survey_AS25.xlsx
/home/hyuk/forRun/toReport/3_8_2023/5week_Survey_AS29.xlsx
/home/hyuk/forRun/toReport/3_8_2023/7week_Survey_AS26.xlsx
/home/hyuk/forRun/toReport/3_8_2023/5week_Survey_AS28.xlsx
/home/hyuk/forRun/toReport/3_8_2023/7week_Survey_AS24.xlsx
surveyReport clear
/home/hyuk/forRun/toReport/3_8_2023/3_8_2023_AS23_sleepRecord.xlsx
/home/hyuk/forRun/toReport/3_8_2023/3_8_2023_AS29_sleepRecord.xlsx
/home/hyuk/forRun/toReport/3_8_2023/3_8_2023_AS25_sleepRecord.xlsx
/home/hyuk/forRun/toReport/3_8_2023/3_8_2023_AS24_sleepRecord.xlsx
/home/hyuk/forRun/toReport/3_8_2023/3_8_2023_AS22_sleepRecord.xlsx
/home/hyuk/forRun/toReport/3_8_2023/3_8_2023_AS61_sleepRecord.xlsx
/home/hyuk/forRun/toReport/3_8_2023/3_8_2023_AS21_sleepRecord.xlsx
/home/hyuk/forRun/toReport/3_8_2023/3_8_2023_AS28_sleepRecord.xlsx
/home/hyuk/forRun/toReport/3_8_2023/3_8_2023_AS93_sleepRecord.xlsx
/home/hyuk/forRun/toReport/3_8_2023/3_8_2023_AS26_sleepRecord.xlsx
/home/hyuk/forRun/toReport/3_8_2023/3_8_2023_AS92_sleepRecord.xlsx
/home/hyuk/forRun/toReport/3_8_2023/3_8_2023_AS27_sleepRecord.xlsx
/home/hyuk/forRun/toReport/3_8_2023/3_8_2023_AS63_sleepRecord.xlsx
sleepRecord clear
/home/hyuk/forRun/toReport/3_8_2023/3_8_2023_todayDirectory.xlsx
todayDirectory clear
dailyReport clear
/home/hyuk/forRun/toReport/3_8_2023/7week_Survey_AS23.xlsx
/home/hyuk/forRun/toReport/3_8_2023/7week_Survey_AS25.xlsx
/home/hyuk/forRun/toReport/3_8_2023/5week_Survey_AS29.xlsx
/home/hyuk/forRun/toReport/3_8_2023/7week_Survey_AS26.xlsx
/home/hyuk/forRun/toReport/3_8_2023/5week_Survey_AS28.xlsx
/home/hyuk/forRun/toReport/3_8_2023/7week_Survey_AS24.xlsx
surveyReport clear
/home/hyuk/forRun/toReport/3_8_2023/3_8_2023_AS23_sleepRecord.xlsx
/home/hyuk/forRun/toReport/3_8_2023/3_8_2023_AS29_sleepRecord.xlsx
/home/hyuk/forRun/toReport/3_8_2023/3_8_2023_AS25_sleepRecord.xlsx
/home/hyuk/forRun/toReport/3_8_2023/3_8_2023_AS24_sleepRecord.xlsx
/home/hyuk/forRun/toReport/3_8_2023/3_8_2023_AS22_sleepRecord.xlsx
/home/hyuk/forRun/toReport/3_8_2023/3_8_2023_AS61_sleepRecord.xlsx
/home/hyuk/forRun/toReport/3_8_2023/3_8_2023_AS21_sleepRecord.xlsx
/home/hyuk/forRun/toReport/3_8_2023/3_8_2023_AS28_sleepRecord.xlsx
/home/hyuk/forRun/toReport/3_8_2023/3_8_2023_AS93_sleepRecord.xlsx
/home/hyuk/forRun/toReport/3_8_2023/3_8_2023_AS26_sleepRecord.xlsx
/home/hyuk/forRun/toReport/3_8_2023/3_8_2023_AS92_sleepRecord.xlsx
/home/hyuk/forRun/toReport/3_8_2023/3_8_2023_AS27_sleepRecord.xlsx
/home/hyuk/forRun/toReport/3_8_2023/3_8_2023_AS63_sleepRecord.xlsx
sleepRecord clear
/home/hyuk/forRun/toReport/3_8_2023/3_8_2023_todayDirectory.xlsx
todayDirectory clear
dailyReport clear
Traceback (most recent call last):
  File "/home/hyuk/forSurvey/forCron/reportAsan.py", line 132, in <module>
    daily_report_send()
  File "/home/hyuk/forSurvey/forCron/reportAsan.py", line 66, in daily_report_send
    server = smtplib.SMTP(smtp_server, smtp_port)
  File "/usr/lib/python3.10/smtplib.py", line 255, in __init__
    (code, msg) = self.connect(host, port)
  File "/usr/lib/python3.10/smtplib.py", line 341, in connect
    self.sock = self._get_socket(host, port, self.timeout)
  File "/usr/lib/python3.10/smtplib.py", line 312, in _get_socket
    return socket.create_connection((host, port), timeout,
  File "/usr/lib/python3.10/socket.py", line 845, in create_connection
    raise err
  File "/usr/lib/python3.10/socket.py", line 833, in create_connection
    sock.connect(sa)
OSError: [Errno 101] Network is unreachable
/home/hyuk/forRun/toReport/3_8_2023/3_8_2023_AS23_sleepRecord.xlsx
/home/hyuk/forRun/toReport/3_8_2023/3_8_2023_AS29_sleepRecord.xlsx
/home/hyuk/forRun/toReport/3_8_2023/3_8_2023_AS25_sleepRecord.xlsx
/home/hyuk/forRun/toReport/3_8_2023/3_8_2023_AS24_sleepRecord.xlsx
/home/hyuk/forRun/toReport/3_8_2023/3_8_2023_AS22_sleepRecord.xlsx
/home/hyuk/forRun/toReport/3_8_2023/3_8_2023_AS61_sleepRecord.xlsx
/home/hyuk/forRun/toReport/3_8_2023/3_8_2023_AS21_sleepRecord.xlsx
/home/hyuk/forRun/toReport/3_8_2023/3_8_2023_AS28_sleepRecord.xlsx
/home/hyuk/forRun/toReport/3_8_2023/3_8_2023_AS93_sleepRecord.xlsx
/home/hyuk/forRun/toReport/3_8_2023/3_8_2023_AS26_sleepRecord.xlsx
/home/hyuk/forRun/toReport/3_8_2023/3_8_2023_AS92_sleepRecord.xlsx
/home/hyuk/forRun/toReport/3_8_2023/3_8_2023_AS27_sleepRecord.xlsx
/home/hyuk/forRun/toReport/3_8_2023/3_8_2023_AS63_sleepRecord.xlsx
sleepRecord clear
/home/hyuk/forRun/toReport/3_8_2023/3_8_2023_todayDirectory.xlsx
todayDirectory clear
dailyReport clear
