/home/hyuk/forRun/toReport/10_8_2023/10_8_2023_AS23_sleepRecord.xlsx
/home/hyuk/forRun/toReport/10_8_2023/10_8_2023_AS22_sleepRecord.xlsx
/home/hyuk/forRun/toReport/10_8_2023/10_8_2023_AS24_sleepRecord.xlsx
/home/hyuk/forRun/toReport/10_8_2023/10_8_2023_AS26_sleepRecord.xlsx
/home/hyuk/forRun/toReport/10_8_2023/10_8_2023_AS27_sleepRecord.xlsx
/home/hyuk/forRun/toReport/10_8_2023/10_8_2023_AS25_sleepRecord.xlsx
/home/hyuk/forRun/toReport/10_8_2023/10_8_2023_AS29_sleepRecord.xlsx
/home/hyuk/forRun/toReport/10_8_2023/10_8_2023_AS28_sleepRecord.xlsx
/home/hyuk/forRun/toReport/10_8_2023/10_8_2023_AS63_sleepRecord.xlsx
/home/hyuk/forRun/toReport/10_8_2023/10_8_2023_AS21_sleepRecord.xlsx
sleepRecord clear
/home/hyuk/forRun/toReport/10_8_2023/10_8_2023_todayDirectory.xlsx
todayDirectory clear
/home/hyuk/forRun/toReport/10_8_2023/9_8_2023_dailyReport.csv
dailyReport clear
/home/hyuk/forRun/toReport/10_8_2023/8week_Survey_AS24.xlsx
/home/hyuk/forRun/toReport/10_8_2023/8week_Survey_AS25.xlsx
/home/hyuk/forRun/toReport/10_8_2023/8week_Survey_AS26.xlsx
/home/hyuk/forRun/toReport/10_8_2023/6week_Survey_AS29.xlsx
/home/hyuk/forRun/toReport/10_8_2023/6week_Survey_AS28.xlsx
/home/hyuk/forRun/toReport/10_8_2023/8week_Survey_AS23.xlsx
surveyReport clear
