0
UserID :  test_H
2023-08-17 01:00:00 No Update
0
UserID :  test_H
2023-08-17 02:00:00 No Update
0
UserID :  test_H
2023-08-17 03:00:00 No Update
0
UserID :  test_H
2023-08-17 04:00:00 No Update
0
UserID :  test_H
2023-08-17 05:00:00 No Update
0
UserID :  test_H
2023-08-17 06:00:00 No Update
0
UserID :  test_H
2023-08-17 07:00:00 No Update
0
UserID :  test_H
2023-08-17 08:00:00 No Update
0
UserID :  test_H
2023-08-17 09:00:00 No Update
0
UserID :  test_H
2023-08-17 10:00:00 No Update
0
UserID :  test_H
2023-08-17 11:00:00 No Update
0
UserID :  test_H
2023-08-17 12:00:00 No Update
0
UserID :  test_H
2023-08-17 13:00:00 No Update
0
UserID :  test_H
2023-08-17 14:00:00 No Update
0
UserID :  test_H
count :  0
2023-08-17 15:00:00 Yes Insert
