0
UserID :  test_H
2023-08-11 01:00:00 No Update
0
UserID :  test_H
2023-08-11 02:00:00 No Update
0
UserID :  test_H
2023-08-11 03:00:00 No Update
0
UserID :  test_H
2023-08-11 04:00:00 No Update
0
UserID :  test_H
2023-08-11 05:00:00 No Update
0
UserID :  test_H
2023-08-11 06:00:00 No Update
0
UserID :  test_H
2023-08-11 07:00:00 No Update
0
UserID :  test_H
2023-08-11 08:00:00 No Update
0
UserID :  test_H
2023-08-11 09:00:00 No Update
0
UserID :  test_H
2023-08-11 10:00:00 No Update
0
UserID :  test_H
2023-08-11 11:00:00 No Update
0
UserID :  test_H
2023-08-11 12:00:00 No Update
0
UserID :  test_H
2023-08-11 13:00:00 No Update
11914
UserID :  test_H
2023-08-11 14:00:00 No Update
0
UserID :  test_H
2023-08-11 15:00:00 No Update
0
UserID :  test_H
2023-08-11 16:00:00 No Update
0
UserID :  test_H
2023-08-11 17:00:00 No Update
0
UserID :  test_H
2023-08-11 18:00:00 No Update
0
UserID :  test_H
count :  0
2023-08-11 19:00:00 Yes Insert
