0
UserID :  test_J
2023-08-10 01:00:00 No Update
0
UserID :  test_J
2023-08-10 02:00:00 No Update
0
UserID :  test_J
2023-08-10 03:00:00 No Update
0
UserID :  test_J
2023-08-10 04:00:00 No Update
0
UserID :  test_J
2023-08-10 05:00:00 No Update
0
UserID :  test_J
2023-08-10 06:00:00 No Update
0
UserID :  test_J
2023-08-10 07:00:00 No Update
0
UserID :  test_J
2023-08-10 08:00:00 No Update
0
UserID :  test_J
2023-08-10 09:00:00 No Update
0
UserID :  test_J
2023-08-10 10:00:00 No Update
0
UserID :  test_J
2023-08-10 11:00:00 No Update
0
UserID :  test_J
2023-08-10 12:00:00 No Update
0
UserID :  test_J
2023-08-10 13:00:00 No Update
0
UserID :  test_J
2023-08-10 14:00:00 No Update
0
UserID :  test_J
2023-08-10 15:00:00 No Update
1104
UserID :  test_J
2023-08-10 16:00:00 No Update
14891
UserID :  test_J
2023-08-10 17:00:00 No Update
15394
UserID :  test_J
2023-08-10 18:00:00 No Update
13340
UserID :  test_J
2023-08-10 19:00:00 No Update
3569
UserID :  test_J
2023-08-10 20:00:00 No Update
0
UserID :  test_J
2023-08-10 21:00:00 No Update
0
UserID :  test_J
count :  0
2023-08-10 22:00:00 Yes Insert
0
UserID :  knu_test1
2023-08-10 01:00:00 No Update
0
UserID :  knu_test1
2023-08-10 02:00:00 No Update
0
UserID :  knu_test1
2023-08-10 03:00:00 No Update
0
UserID :  knu_test1
2023-08-10 04:00:00 No Update
0
UserID :  knu_test1
2023-08-10 05:00:00 No Update
0
UserID :  knu_test1
2023-08-10 06:00:00 No Update
0
UserID :  knu_test1
2023-08-10 07:00:00 No Update
0
UserID :  knu_test1
2023-08-10 08:00:00 No Update
0
UserID :  knu_test1
2023-08-10 09:00:00 No Update
0
UserID :  knu_test1
2023-08-10 10:00:00 No Update
0
UserID :  knu_test1
2023-08-10 11:00:00 No Update
0
UserID :  knu_test1
2023-08-10 12:00:00 No Update
0
UserID :  knu_test1
2023-08-10 13:00:00 No Update
0
UserID :  knu_test1
2023-08-10 14:00:00 No Update
0
UserID :  knu_test1
2023-08-10 15:00:00 No Update
797
UserID :  knu_test1
2023-08-10 16:00:00 No Update
0
UserID :  knu_test1
2023-08-10 17:00:00 No Update
0
UserID :  knu_test1
2023-08-10 18:00:00 No Update
0
UserID :  knu_test1
2023-08-10 19:00:00 No Update
0
UserID :  knu_test1
2023-08-10 20:00:00 No Update
0
UserID :  knu_test1
2023-08-10 21:00:00 No Update
0
UserID :  knu_test1
count :  0
2023-08-10 22:00:00 Yes Insert
