UserID :  test_J
Updated id: 64cb5611730f889a38efe62d

UserID :  gc_test1
Updated id: 64cb5611730f889a38efe62f

UserID :  TT12
Updated id: 64cb5611730f889a38efe631

UserID :  gc_test2
Updated id: 64cb5611730f889a38efe633

UserID :  knu_test1
Updated id: 64cb5611730f889a38efe635

UserID :  123456
Updated id: 64cb5611730f889a38efe637

UserID :  test_J
Updated id: 64cb56c5730f889a38efe70d

UserID :  gc_test1
Updated id: 64cb56c5730f889a38efe70f

UserID :  TT12
Updated id: 64cb56c5730f889a38efe711

UserID :  gc_test2
Updated id: 64cb56c5730f889a38efe713

knu_test1 293
UserID :  knu_test1
Updated id: 64cb56c5730f889a38efe715

UserID :  123456
Updated id: 64cb56c5730f889a38efe717

