0
UserID :  test_J
2023-08-14 01:00:00 No Update
0
UserID :  test_J
2023-08-14 02:00:00 No Update
0
UserID :  test_J
2023-08-14 03:00:00 No Update
0
UserID :  test_J
2023-08-14 04:00:00 No Update
0
UserID :  test_J
2023-08-14 05:00:00 No Update
0
UserID :  test_J
2023-08-14 06:00:00 No Update
0
UserID :  test_J
2023-08-14 07:00:00 No Update
0
UserID :  test_J
2023-08-14 08:00:00 No Update
0
UserID :  test_J
2023-08-14 09:00:00 No Update
0
UserID :  test_J
2023-08-14 10:00:00 No Update
0
UserID :  test_J
2023-08-14 11:00:00 No Update
0
UserID :  test_J
2023-08-14 12:00:00 No Update
0
UserID :  test_J
2023-08-14 13:00:00 No Update
0
UserID :  test_J
2023-08-14 14:00:00 No Update
0
UserID :  test_J
2023-08-14 15:00:00 No Update
0
UserID :  test_J
2023-08-14 16:00:00 No Update
0
UserID :  test_J
2023-08-14 17:00:00 No Update
0
UserID :  test_J
2023-08-14 18:00:00 No Update
0
UserID :  test_J
2023-08-14 19:00:00 No Update
2323
UserID :  test_J
count :  2323
2023-08-14 20:00:00 Yes Insert
